[debug] [2022-05-31T15:56:20.660Z] ----------------------------------------------------------------------
[debug] [2022-05-31T15:56:20.661Z] Command:       /usr/local/bin/node /usr/local/bin/firebase init hosting
[debug] [2022-05-31T15:56:20.662Z] CLI Version:   11.0.1
[debug] [2022-05-31T15:56:20.662Z] Platform:      darwin
[debug] [2022-05-31T15:56:20.662Z] Node Version:  v16.14.0
[debug] [2022-05-31T15:56:20.664Z] Time:          Tue May 31 2022 20:56:20 GMT+0500 (Pakistan Standard Time)
[debug] [2022-05-31T15:56:20.665Z] ----------------------------------------------------------------------
[debug] 
[debug] [2022-05-31T15:56:20.708Z] > command requires scopes: ["email","openid","https://www.googleapis.com/auth/cloudplatformprojects.readonly","https://www.googleapis.com/auth/firebase","https://www.googleapis.com/auth/cloud-platform"]
[debug] [2022-05-31T15:56:20.708Z] > authorizing via signed-in user (zainushaikh60@gmail.com)
[info] 
     ######## #### ########  ######## ########     ###     ######  ########
     ##        ##  ##     ## ##       ##     ##  ##   ##  ##       ##
     ######    ##  ########  ######   ########  #########  ######  ######
     ##        ##  ##    ##  ##       ##     ## ##     ##       ## ##
     ##       #### ##     ## ######## ########  ##     ##  ######  ########

You're about to initialize a Firebase project in this directory:

  /Users/zainshaikh

Before we get started, keep in mind:

  * You are initializing within an existing Firebase project directory

[info] 
=== Project Setup
[info] 
[info] First, let's associate this project directory with a Firebase project.
[info] You can create multiple project aliases by running firebase use --add, 
[info] but for now we'll just set up a default project.
[info] 
[debug] [2022-05-31T15:56:20.711Z] Using project from CLI flag: security-checklist-development
[debug] [2022-05-31T15:56:20.712Z] > refreshing access token with scopes: []
[debug] [2022-05-31T15:56:20.712Z] >>> HTTP REQUEST POST https://www.googleapis.com/oauth2/v3/token  
 <request body omitted>
[debug] [2022-05-31T15:56:21.415Z] <<< HTTP RESPONSE 200 {"pragma":"no-cache","cache-control":"no-cache, no-store, max-age=0, must-revalidate","expires":"Mon, 01 Jan 1990 00:00:00 GMT","date":"Tue, 31 May 2022 15:56:21 GMT","content-type":"application/json; charset=utf-8","vary":"X-Origin, Referer, Origin,Accept-Encoding","server":"scaffolding on HTTPServer2","x-xss-protection":"0","x-frame-options":"SAMEORIGIN","x-content-type-options":"nosniff","alt-svc":"h3=\":443\"; ma=2592000,h3-29=\":443\"; ma=2592000,h3-Q050=\":443\"; ma=2592000,h3-Q046=\":443\"; ma=2592000,h3-Q043=\":443\"; ma=2592000,quic=\":443\"; ma=2592000; v=\"46,43\"","accept-ranges":"none","transfer-encoding":"chunked"}
[debug] [2022-05-31T15:56:21.461Z] >>> [apiv2][query] GET https://firebase.googleapis.com/v1beta1/projects/security-checklist-development [none]
[debug] [2022-05-31T15:56:22.475Z] <<< [apiv2][status] GET https://firebase.googleapis.com/v1beta1/projects/security-checklist-development 200
[debug] [2022-05-31T15:56:22.475Z] <<< [apiv2][body] GET https://firebase.googleapis.com/v1beta1/projects/security-checklist-development {"projectId":"security-checklist-development","projectNumber":"748536277691","displayName":"Security-Checklist-Development","name":"projects/security-checklist-development","resources":{"hostingSite":"security-checklist-development","storageBucket":"security-checklist-development.appspot.com","locationId":"us-central"},"state":"ACTIVE"}
[info] i  Using project security-checklist-development (Security-Checklist-Development) 
[info] 
=== Hosting Setup
[info] 
[info] Your public directory is the folder (relative to your project directory) that
[info] will contain Hosting assets to be uploaded with firebase deploy. If you
[info] have a build process for your assets, use your build's output directory.
[info] 
[info] ✔  Wrote public/404.html 
[debug] [2022-05-31T15:56:40.894Z] >>> [apiv2][query] GET https://www.gstatic.com/firebasejs/releases.json [none]
[debug] [2022-05-31T15:56:41.502Z] <<< [apiv2][status] GET https://www.gstatic.com/firebasejs/releases.json 200
[debug] [2022-05-31T15:56:41.503Z] <<< [apiv2][body] GET https://www.gstatic.com/firebasejs/releases.json {"current":{"version":"9.8.2","browserURL":"https://www.gstatic.com/firebasejs/9.8.2/firebase.js","packageURL":"https://www.gstatic.com/firebasejs/9.8.2/firebase.tgz"},"live":{"version":"9.8","browserURL":"https://www.gstatic.com/firebasejs/live/9.8/firebase.js","packageURL":"https://www.gstatic.com/firebasejs/live/9.8/firebase.tgz"},"components":{"analytics":"https://www.gstatic.com/firebasejs/9.8.2/firebase-analytics.js","app":"https://www.gstatic.com/firebasejs/9.8.2/firebase-app.js","app-check":"https://www.gstatic.com/firebasejs/9.8.2/firebase-app-check.js","auth":"https://www.gstatic.com/firebasejs/9.8.2/firebase-auth.js","auth/cordova":"https://www.gstatic.com/firebasejs/9.8.2/firebase-auth/cordova.js","auth/react-native":"https://www.gstatic.com/firebasejs/9.8.2/firebase-auth/react-native.js","functions":"https://www.gstatic.com/firebasejs/9.8.2/firebase-functions.js","firestore":"https://www.gstatic.com/firebasejs/9.8.2/firebase-firestore.js","firestore/lite":"https://www.gstatic.com/firebasejs/9.8.2/firebase-firestore/lite.js","storage":"https://www.gstatic.com/firebasejs/9.8.2/firebase-storage.js","performance":"https://www.gstatic.com/firebasejs/9.8.2/firebase-performance.js","remote-config":"https://www.gstatic.com/firebasejs/9.8.2/firebase-remote-config.js","messaging":"https://www.gstatic.com/firebasejs/9.8.2/firebase-messaging.js","messaging/sw":"https://www.gstatic.com/firebasejs/9.8.2/firebase-messaging/sw.js","database":"https://www.gstatic.com/firebasejs/9.8.2/firebase-database.js","firestore.memory":"https://www.gstatic.com/firebasejs/9.8.2/firebase-firestore.memory.js"}}
[info] ✔  Wrote public/index.html 
[info] 
[info] i  Detected a .git folder at /Users/zainshaikh/Projects/security-checklist 
[info] i  Authorizing with GitHub to upload your service account to a GitHub repository's secrets store. 
[info] 
[info] Visit this URL on this device to log in:
[info] https://github.com/login/oauth/authorize?client_id=89cf50f02ac6aaed3484&state=397749455&redirect_uri=http%3A%2F%2Flocalhost%3A9005&scope=read%3Auser%20repo%20public_repo
[info] 
[info] Waiting for authentication...
[debug] [2022-05-31T15:56:50.015Z] >>> HTTP REQUEST POST https://github.com/login/oauth/access_token  
 {"client_id":"89cf50f02ac6aaed3484","client_secret":"3330d14abc895d9a74d5f17cd7a00711fa2c5bf0","code":"acb4d29318394fd02a58","redirect_uri":"http://localhost:9005","state":"397749455"}
[debug] [2022-05-31T15:56:50.570Z] <<< HTTP RESPONSE 200 {"server":"GitHub.com","date":"Tue, 31 May 2022 15:56:50 GMT","content-type":"application/json; charset=utf-8","transfer-encoding":"chunked","vary":"X-PJAX, X-PJAX-Container, Turbo-Visit, Turbo-Frame, Accept-Encoding, Accept, X-Requested-With","permissions-policy":"interest-cohort=()","etag":"W/\"f7fa68854a9ad00da79b8611260d79a4\"","cache-control":"max-age=0, private, must-revalidate","strict-transport-security":"max-age=31536000; includeSubdomains; preload","x-frame-options":"deny","x-content-type-options":"nosniff","x-xss-protection":"0","referrer-policy":"origin-when-cross-origin, strict-origin-when-cross-origin","expect-ct":"max-age=2592000, report-uri=\"https://api.github.com/_private/browser/errors\"","content-security-policy":"default-src 'none'; base-uri 'self'; block-all-mixed-content; child-src github.com/assets-cdn/worker/ gist.github.com/assets-cdn/worker/; connect-src 'self' uploads.github.com objects-origin.githubusercontent.com www.githubstatus.com collector.github.com raw.githubusercontent.com api.github.com github-cloud.s3.amazonaws.com github-production-repository-file-5c1aeb.s3.amazonaws.com github-production-upload-manifest-file-7fdce7.s3.amazonaws.com github-production-user-asset-6210df.s3.amazonaws.com cdn.optimizely.com logx.optimizely.com/v1/events *.actions.githubusercontent.com wss://*.actions.githubusercontent.com online.visualstudio.com/api/v1/locations github-production-repository-image-32fea6.s3.amazonaws.com github-production-release-asset-2e65be.s3.amazonaws.com insights.github.com wss://alive.github.com; font-src github.githubassets.com; form-action 'self' github.com gist.github.com objects-origin.githubusercontent.com; frame-ancestors 'none'; frame-src render.githubusercontent.com viewscreen.githubusercontent.com notebooks.githubusercontent.com; img-src 'self' data: github.githubassets.com identicons.github.com github-cloud.s3.amazonaws.com secured-user-images.githubusercontent.com/ github-production-user-asset-6210df.s3.amazonaws.com *.githubusercontent.com; manifest-src 'self'; media-src github.com user-images.githubusercontent.com/; script-src github.githubassets.com; style-src 'unsafe-inline' github.githubassets.com; worker-src github.com/assets-cdn/worker/ gist.github.com/assets-cdn/worker/","x-github-request-id":"E65D:3E3E:3F2D43:4F6959:62963AC2"}
[debug] [2022-05-31T15:56:50.578Z] >>> [apiv2][query] GET https://api.github.com/user [none]
[debug] [2022-05-31T15:56:51.174Z] <<< [apiv2][status] GET https://api.github.com/user 200
[debug] [2022-05-31T15:56:51.174Z] <<< [apiv2][body] GET https://api.github.com/user {"login":"zainushaikh60","id":44472062,"node_id":"MDQ6VXNlcjQ0NDcyMDYy","avatar_url":"https://avatars.githubusercontent.com/u/44472062?v=4","gravatar_id":"","url":"https://api.github.com/users/zainushaikh60","html_url":"https://github.com/zainushaikh60","followers_url":"https://api.github.com/users/zainushaikh60/followers","following_url":"https://api.github.com/users/zainushaikh60/following{/other_user}","gists_url":"https://api.github.com/users/zainushaikh60/gists{/gist_id}","starred_url":"https://api.github.com/users/zainushaikh60/starred{/owner}{/repo}","subscriptions_url":"https://api.github.com/users/zainushaikh60/subscriptions","organizations_url":"https://api.github.com/users/zainushaikh60/orgs","repos_url":"https://api.github.com/users/zainushaikh60/repos","events_url":"https://api.github.com/users/zainushaikh60/events{/privacy}","received_events_url":"https://api.github.com/users/zainushaikh60/received_events","type":"User","site_admin":false,"name":"Zain Shaikh","company":null,"blog":"","location":"Pakistan","email":null,"hireable":null,"bio":null,"twitter_username":null,"public_repos":6,"public_gists":0,"followers":1,"following":0,"created_at":"2018-10-25T14:16:03Z","updated_at":"2022-04-07T09:38:48Z","private_gists":0,"total_private_repos":2,"owned_private_repos":2,"disk_usage":79059,"collaborators":0,"two_factor_authentication":false,"plan":{"name":"free","space":976562499,"collaborators":0,"private_repos":10000}}
[info] 
[info] ✔  Success! Logged into GitHub as zainushaikh60 
[info] 
